[2023-01-28 09:26:25,317] multiqc                                            [DEBUG  ]  This is MultiQC v1.14
[2023-01-28 09:26:25,317] multiqc                                            [DEBUG  ]  Command used: /Users/connorfrench/Library/r-miniconda/envs/enyaliuspy/bin/multiqc fastq -n multiqc_report.html
[2023-01-28 09:26:26,303] multiqc                                            [DEBUG  ]  Latest MultiQC version is v1.14
[2023-01-28 09:26:26,304] multiqc                                            [DEBUG  ]  Working dir : /Users/connorfrench/Dropbox/Old_Mac/School_Stuff/CUNY/enyalius-phylogeography/enyalius/assembly
[2023-01-28 09:26:26,304] multiqc                                            [DEBUG  ]  Template    : default
[2023-01-28 09:26:26,304] multiqc                                            [DEBUG  ]  Running Python 3.10.9 (main, Jan 11 2023, 09:18:20) [Clang 14.0.6 ]
[2023-01-28 09:26:26,305] multiqc                                            [DEBUG  ]  Analysing modules: custom_content, ccs, ngsderive, purple, conpair, lima, peddy, somalier, methylQA, mosdepth, phantompeakqualtools, qualimap, preseq, hifiasm, quast, qorts, rna_seqc, rockhopper, rsem, rseqc, busco, bustools, goleft_indexcov, gffcompare, disambiguate, supernova, deeptools, sargasso, verifybamid, mirtrace, happy, mirtop, sambamba, gopeaks, homer, hops, macs2, theta2, snpeff, gatk, htseq, bcftools, featureCounts, fgbio, dragen, dragen_fastqc, dedup, pbmarkdup, damageprofiler, biobambam2, jcvi, mtnucratio, picard, vep, sentieon, prokka, qc3C, nanostat, samblaster, samtools, sexdeterrmine, eigenstratdatabasetools, bamtools, jellyfish, vcftools, longranger, stacks, varscan2, snippy, umitools, bbmap, bismark, biscuit, diamond, hicexplorer, hicup, hicpro, salmon, kallisto, slamdunk, star, hisat2, tophat, bowtie2, bowtie1, cellranger, snpsplit, odgi, pangolin, nextclade, humid, kat, leehom, adapterRemoval, bbduk, clipandmerge, cutadapt, flexbar, kaiju, kraken, malt, motus, trimmomatic, sickle, skewer, sortmerna, biobloomtools, fastq_screen, afterqc, fastp, fastqc, filtlong, prinseqplusplus, pychopper, porechop, pycoqc, minionqc, anglerfish, multivcfanalyzer, clusterflow, checkqc, bcl2fastq, bclconvert, interop, ivar, flash, seqyclean, optitype, whatshap
[2023-01-28 09:26:26,306] multiqc                                            [DEBUG  ]  Using temporary directory for creating report: /var/folders/vf/3z__6c_11bb7b95dtcms1m0c0000gp/T/tmpqqj_ttks
[2023-01-28 09:26:26,455] multiqc                                            [INFO   ]  Search path : /Users/connorfrench/Dropbox/Old_Mac/School_Stuff/CUNY/enyalius-phylogeography/enyalius/assembly/fastq
[2023-01-28 09:26:36,544] multiqc                                            [DEBUG  ]  Summary of files that were skipped by the search: [skipped_module_specific_max_filesize: 1771] // [skipped_no_match: 324] // [skipped_ignore_pattern: 162]
[2023-01-28 09:26:36,967] multiqc.plots.bargraph                             [DEBUG  ]  Using matplotlib version 3.6.2
[2023-01-28 09:26:36,968] multiqc.plots.linegraph                            [DEBUG  ]  Using matplotlib version 3.6.2
[2023-01-28 09:26:36,969] multiqc                                            [DEBUG  ]  No samples found: custom_content
[2023-01-28 09:26:38,694] multiqc.modules.fastqc.fastqc                      [INFO   ]  Found 161 reports
[2023-01-28 09:26:43,971] multiqc                                            [INFO   ]  Compressing plot data
[2023-01-28 09:26:44,102] multiqc                                            [INFO   ]  Report      : multiqc_report.html
[2023-01-28 09:26:44,102] multiqc                                            [INFO   ]  Data        : multiqc_report_data
[2023-01-28 09:26:44,102] multiqc                                            [DEBUG  ]  Moving data file from '/var/folders/vf/3z__6c_11bb7b95dtcms1m0c0000gp/T/tmpqqj_ttks/multiqc_data' to '/Users/connorfrench/Dropbox/Old_Mac/School_Stuff/CUNY/enyalius-phylogeography/enyalius/assembly/multiqc_report_data'
[2023-01-28 09:26:44,173] multiqc                                            [INFO   ]  MultiQC complete
[2023-01-28 09:26:44,173] multiqc                                            [WARNING]  8 flat-image plots used in the report due to large sample numbers
