Building DAG of jobs...
Using shell: /bin/bash
Provided cores: 7
Rules claiming more threads will be scaled down.
Job stats:
job                         count    min threads    max threads
------------------------  -------  -------------  -------------
all                             1              1              1
plot_single_pop_sumstats        1              1              1
total                           2              1              1

Select jobs to execute...

[Sat May 13 06:18:38 2023]
rule plot_single_pop_sumstats:
    input: output/single_pop_sumstats/site_pi_catenatus_0.5.txt, output/single_pop_sumstats/site_pi_catenatus_0.6.txt, output/single_pop_sumstats/site_pi_catenatus_0.7.txt, output/single_pop_sumstats/site_pi_catenatus_0.8.txt, output/single_pop_sumstats/site_pi_iheringii_0.5.txt, output/single_pop_sumstats/site_pi_iheringii_0.6.txt, output/single_pop_sumstats/site_pi_iheringii_0.7.txt, output/single_pop_sumstats/site_pi_iheringii_0.8.txt, output/single_pop_sumstats/site_pi_perditus_0.5.txt, output/single_pop_sumstats/site_pi_perditus_0.6.txt, output/single_pop_sumstats/site_pi_perditus_0.7.txt, output/single_pop_sumstats/site_pi_perditus_0.8.txt, output/single_pop_sumstats/site_pi_pictus_0.5.txt, output/single_pop_sumstats/site_pi_pictus_0.6.txt, output/single_pop_sumstats/site_pi_pictus_0.7.txt, output/single_pop_sumstats/site_pi_pictus_0.8.txt, output/single_pop_sumstats/ind_pi_catenatus_0.5.txt, output/single_pop_sumstats/ind_pi_catenatus_0.6.txt, output/single_pop_sumstats/ind_pi_catenatus_0.7.txt, output/single_pop_sumstats/ind_pi_catenatus_0.8.txt, output/single_pop_sumstats/ind_pi_iheringii_0.5.txt, output/single_pop_sumstats/ind_pi_iheringii_0.6.txt, output/single_pop_sumstats/ind_pi_iheringii_0.7.txt, output/single_pop_sumstats/ind_pi_iheringii_0.8.txt, output/single_pop_sumstats/ind_pi_perditus_0.5.txt, output/single_pop_sumstats/ind_pi_perditus_0.6.txt, output/single_pop_sumstats/ind_pi_perditus_0.7.txt, output/single_pop_sumstats/ind_pi_perditus_0.8.txt, output/single_pop_sumstats/ind_pi_pictus_0.5.txt, output/single_pop_sumstats/ind_pi_pictus_0.6.txt, output/single_pop_sumstats/ind_pi_pictus_0.7.txt, output/single_pop_sumstats/ind_pi_pictus_0.8.txt, output/single_pop_sumstats/wat_theta_catenatus_0.5.txt, output/single_pop_sumstats/wat_theta_catenatus_0.6.txt, output/single_pop_sumstats/wat_theta_catenatus_0.7.txt, output/single_pop_sumstats/wat_theta_catenatus_0.8.txt, output/single_pop_sumstats/wat_theta_iheringii_0.5.txt, output/single_pop_sumstats/wat_theta_iheringii_0.6.txt, output/single_pop_sumstats/wat_theta_iheringii_0.7.txt, output/single_pop_sumstats/wat_theta_iheringii_0.8.txt, output/single_pop_sumstats/wat_theta_perditus_0.5.txt, output/single_pop_sumstats/wat_theta_perditus_0.6.txt, output/single_pop_sumstats/wat_theta_perditus_0.7.txt, output/single_pop_sumstats/wat_theta_perditus_0.8.txt, output/single_pop_sumstats/wat_theta_pictus_0.5.txt, output/single_pop_sumstats/wat_theta_pictus_0.6.txt, output/single_pop_sumstats/wat_theta_pictus_0.7.txt, output/single_pop_sumstats/wat_theta_pictus_0.8.txt, output/single_pop_sumstats/taj_d_catenatus_0.5.txt, output/single_pop_sumstats/taj_d_catenatus_0.6.txt, output/single_pop_sumstats/taj_d_catenatus_0.7.txt, output/single_pop_sumstats/taj_d_catenatus_0.8.txt, output/single_pop_sumstats/taj_d_iheringii_0.5.txt, output/single_pop_sumstats/taj_d_iheringii_0.6.txt, output/single_pop_sumstats/taj_d_iheringii_0.7.txt, output/single_pop_sumstats/taj_d_iheringii_0.8.txt, output/single_pop_sumstats/taj_d_perditus_0.5.txt, output/single_pop_sumstats/taj_d_perditus_0.6.txt, output/single_pop_sumstats/taj_d_perditus_0.7.txt, output/single_pop_sumstats/taj_d_perditus_0.8.txt, output/single_pop_sumstats/taj_d_pictus_0.5.txt, output/single_pop_sumstats/taj_d_pictus_0.6.txt, output/single_pop_sumstats/taj_d_pictus_0.7.txt, output/single_pop_sumstats/taj_d_pictus_0.8.txt, data/catenatus_inds.txt, data/iheringii_inds.txt, data/perditus_inds.txt, data/pictus_inds.txt
    output: single_pop_sumstats.html
    jobid: 2
    reason: Missing output files: single_pop_sumstats.html
    resources: tmpdir=/var/folders/vf/3z__6c_11bb7b95dtcms1m0c0000gp/T

[Sat May 13 06:18:53 2023]
Finished job 2.
1 of 2 steps (50%) done
Select jobs to execute...

[Sat May 13 06:18:53 2023]
localrule all:
    input: output/single_pop_sumstats/site_pi_catenatus_0.5.txt, output/single_pop_sumstats/site_pi_catenatus_0.6.txt, output/single_pop_sumstats/site_pi_catenatus_0.7.txt, output/single_pop_sumstats/site_pi_catenatus_0.8.txt, output/single_pop_sumstats/site_pi_iheringii_0.5.txt, output/single_pop_sumstats/site_pi_iheringii_0.6.txt, output/single_pop_sumstats/site_pi_iheringii_0.7.txt, output/single_pop_sumstats/site_pi_iheringii_0.8.txt, output/single_pop_sumstats/site_pi_perditus_0.5.txt, output/single_pop_sumstats/site_pi_perditus_0.6.txt, output/single_pop_sumstats/site_pi_perditus_0.7.txt, output/single_pop_sumstats/site_pi_perditus_0.8.txt, output/single_pop_sumstats/site_pi_pictus_0.5.txt, output/single_pop_sumstats/site_pi_pictus_0.6.txt, output/single_pop_sumstats/site_pi_pictus_0.7.txt, output/single_pop_sumstats/site_pi_pictus_0.8.txt, output/single_pop_sumstats/ind_pi_catenatus_0.5.txt, output/single_pop_sumstats/ind_pi_catenatus_0.6.txt, output/single_pop_sumstats/ind_pi_catenatus_0.7.txt, output/single_pop_sumstats/ind_pi_catenatus_0.8.txt, output/single_pop_sumstats/ind_pi_iheringii_0.5.txt, output/single_pop_sumstats/ind_pi_iheringii_0.6.txt, output/single_pop_sumstats/ind_pi_iheringii_0.7.txt, output/single_pop_sumstats/ind_pi_iheringii_0.8.txt, output/single_pop_sumstats/ind_pi_perditus_0.5.txt, output/single_pop_sumstats/ind_pi_perditus_0.6.txt, output/single_pop_sumstats/ind_pi_perditus_0.7.txt, output/single_pop_sumstats/ind_pi_perditus_0.8.txt, output/single_pop_sumstats/ind_pi_pictus_0.5.txt, output/single_pop_sumstats/ind_pi_pictus_0.6.txt, output/single_pop_sumstats/ind_pi_pictus_0.7.txt, output/single_pop_sumstats/ind_pi_pictus_0.8.txt, output/single_pop_sumstats/wat_theta_catenatus_0.5.txt, output/single_pop_sumstats/wat_theta_catenatus_0.6.txt, output/single_pop_sumstats/wat_theta_catenatus_0.7.txt, output/single_pop_sumstats/wat_theta_catenatus_0.8.txt, output/single_pop_sumstats/wat_theta_iheringii_0.5.txt, output/single_pop_sumstats/wat_theta_iheringii_0.6.txt, output/single_pop_sumstats/wat_theta_iheringii_0.7.txt, output/single_pop_sumstats/wat_theta_iheringii_0.8.txt, output/single_pop_sumstats/wat_theta_perditus_0.5.txt, output/single_pop_sumstats/wat_theta_perditus_0.6.txt, output/single_pop_sumstats/wat_theta_perditus_0.7.txt, output/single_pop_sumstats/wat_theta_perditus_0.8.txt, output/single_pop_sumstats/wat_theta_pictus_0.5.txt, output/single_pop_sumstats/wat_theta_pictus_0.6.txt, output/single_pop_sumstats/wat_theta_pictus_0.7.txt, output/single_pop_sumstats/wat_theta_pictus_0.8.txt, output/single_pop_sumstats/taj_d_catenatus_0.5.txt, output/single_pop_sumstats/taj_d_catenatus_0.6.txt, output/single_pop_sumstats/taj_d_catenatus_0.7.txt, output/single_pop_sumstats/taj_d_catenatus_0.8.txt, output/single_pop_sumstats/taj_d_iheringii_0.5.txt, output/single_pop_sumstats/taj_d_iheringii_0.6.txt, output/single_pop_sumstats/taj_d_iheringii_0.7.txt, output/single_pop_sumstats/taj_d_iheringii_0.8.txt, output/single_pop_sumstats/taj_d_perditus_0.5.txt, output/single_pop_sumstats/taj_d_perditus_0.6.txt, output/single_pop_sumstats/taj_d_perditus_0.7.txt, output/single_pop_sumstats/taj_d_perditus_0.8.txt, output/single_pop_sumstats/taj_d_pictus_0.5.txt, output/single_pop_sumstats/taj_d_pictus_0.6.txt, output/single_pop_sumstats/taj_d_pictus_0.7.txt, output/single_pop_sumstats/taj_d_pictus_0.8.txt, single_pop_sumstats.html
    jobid: 0
    reason: Input files updated by another job: single_pop_sumstats.html
    resources: tmpdir=/var/folders/vf/3z__6c_11bb7b95dtcms1m0c0000gp/T

[Sat May 13 06:18:53 2023]
Finished job 0.
2 of 2 steps (100%) done
Complete log: .snakemake/log/2023-05-13T061837.251147.snakemake.log
