Building DAG of jobs...
Using shell: /bin/bash
Provided cores: 7
Rules claiming more threads will be scaled down.
Job stats:
job                count    min threads    max threads
---------------  -------  -------------  -------------
all                    1              1              1
move_singletons        1              1              1
total                  2              1              1

Select jobs to execute...

[Thu May 11 14:08:42 2023]
rule move_singletons:
    input: assembly/full/clust92_outfiles/clust92_catenatus_0.5_nosingletons.vcf, assembly/full/clust92_outfiles/clust92_catenatus_0.6_nosingletons.vcf, assembly/full/clust92_outfiles/clust92_catenatus_0.7_nosingletons.vcf, assembly/full/clust92_outfiles/clust92_catenatus_0.8_nosingletons.vcf, assembly/full/clust92_outfiles/clust92_iheringii_0.5_nosingletons.vcf, assembly/full/clust92_outfiles/clust92_iheringii_0.6_nosingletons.vcf, assembly/full/clust92_outfiles/clust92_iheringii_0.7_nosingletons.vcf, assembly/full/clust92_outfiles/clust92_iheringii_0.8_nosingletons.vcf, assembly/full/clust92_outfiles/clust92_perditus_0.5_nosingletons.vcf, assembly/full/clust92_outfiles/clust92_perditus_0.6_nosingletons.vcf, assembly/full/clust92_outfiles/clust92_perditus_0.7_nosingletons.vcf, assembly/full/clust92_outfiles/clust92_perditus_0.8_nosingletons.vcf, assembly/full/clust92_outfiles/clust92_pictus_0.5_nosingletons.vcf, assembly/full/clust92_outfiles/clust92_pictus_0.6_nosingletons.vcf, assembly/full/clust92_outfiles/clust92_pictus_0.7_nosingletons.vcf, assembly/full/clust92_outfiles/clust92_pictus_0.8_nosingletons.vcf
    output: analysis/data/vcfs/clust92_catenatus_0.5_nosingletons.vcf, analysis/data/vcfs/clust92_catenatus_0.6_nosingletons.vcf, analysis/data/vcfs/clust92_catenatus_0.7_nosingletons.vcf, analysis/data/vcfs/clust92_catenatus_0.8_nosingletons.vcf, analysis/data/vcfs/clust92_iheringii_0.5_nosingletons.vcf, analysis/data/vcfs/clust92_iheringii_0.6_nosingletons.vcf, analysis/data/vcfs/clust92_iheringii_0.7_nosingletons.vcf, analysis/data/vcfs/clust92_iheringii_0.8_nosingletons.vcf, analysis/data/vcfs/clust92_perditus_0.5_nosingletons.vcf, analysis/data/vcfs/clust92_perditus_0.6_nosingletons.vcf, analysis/data/vcfs/clust92_perditus_0.7_nosingletons.vcf, analysis/data/vcfs/clust92_perditus_0.8_nosingletons.vcf, analysis/data/vcfs/clust92_pictus_0.5_nosingletons.vcf, analysis/data/vcfs/clust92_pictus_0.6_nosingletons.vcf, analysis/data/vcfs/clust92_pictus_0.7_nosingletons.vcf, analysis/data/vcfs/clust92_pictus_0.8_nosingletons.vcf
    jobid: 1
    reason: Missing output files: analysis/data/vcfs/clust92_catenatus_0.5_nosingletons.vcf, analysis/data/vcfs/clust92_perditus_0.6_nosingletons.vcf, analysis/data/vcfs/clust92_iheringii_0.6_nosingletons.vcf, analysis/data/vcfs/clust92_iheringii_0.5_nosingletons.vcf, analysis/data/vcfs/clust92_pictus_0.6_nosingletons.vcf, analysis/data/vcfs/clust92_catenatus_0.6_nosingletons.vcf, analysis/data/vcfs/clust92_perditus_0.5_nosingletons.vcf, analysis/data/vcfs/clust92_iheringii_0.8_nosingletons.vcf, analysis/data/vcfs/clust92_perditus_0.7_nosingletons.vcf, analysis/data/vcfs/clust92_pictus_0.7_nosingletons.vcf, analysis/data/vcfs/clust92_pictus_0.5_nosingletons.vcf, analysis/data/vcfs/clust92_catenatus_0.7_nosingletons.vcf, analysis/data/vcfs/clust92_pictus_0.8_nosingletons.vcf, analysis/data/vcfs/clust92_iheringii_0.7_nosingletons.vcf, analysis/data/vcfs/clust92_catenatus_0.8_nosingletons.vcf, analysis/data/vcfs/clust92_perditus_0.8_nosingletons.vcf
    resources: tmpdir=/var/folders/vf/3z__6c_11bb7b95dtcms1m0c0000gp/T

[Thu May 11 14:08:43 2023]
Error in rule move_singletons:
    jobid: 1
    input: assembly/full/clust92_outfiles/clust92_catenatus_0.5_nosingletons.vcf, assembly/full/clust92_outfiles/clust92_catenatus_0.6_nosingletons.vcf, assembly/full/clust92_outfiles/clust92_catenatus_0.7_nosingletons.vcf, assembly/full/clust92_outfiles/clust92_catenatus_0.8_nosingletons.vcf, assembly/full/clust92_outfiles/clust92_iheringii_0.5_nosingletons.vcf, assembly/full/clust92_outfiles/clust92_iheringii_0.6_nosingletons.vcf, assembly/full/clust92_outfiles/clust92_iheringii_0.7_nosingletons.vcf, assembly/full/clust92_outfiles/clust92_iheringii_0.8_nosingletons.vcf, assembly/full/clust92_outfiles/clust92_perditus_0.5_nosingletons.vcf, assembly/full/clust92_outfiles/clust92_perditus_0.6_nosingletons.vcf, assembly/full/clust92_outfiles/clust92_perditus_0.7_nosingletons.vcf, assembly/full/clust92_outfiles/clust92_perditus_0.8_nosingletons.vcf, assembly/full/clust92_outfiles/clust92_pictus_0.5_nosingletons.vcf, assembly/full/clust92_outfiles/clust92_pictus_0.6_nosingletons.vcf, assembly/full/clust92_outfiles/clust92_pictus_0.7_nosingletons.vcf, assembly/full/clust92_outfiles/clust92_pictus_0.8_nosingletons.vcf
    output: analysis/data/vcfs/clust92_catenatus_0.5_nosingletons.vcf, analysis/data/vcfs/clust92_catenatus_0.6_nosingletons.vcf, analysis/data/vcfs/clust92_catenatus_0.7_nosingletons.vcf, analysis/data/vcfs/clust92_catenatus_0.8_nosingletons.vcf, analysis/data/vcfs/clust92_iheringii_0.5_nosingletons.vcf, analysis/data/vcfs/clust92_iheringii_0.6_nosingletons.vcf, analysis/data/vcfs/clust92_iheringii_0.7_nosingletons.vcf, analysis/data/vcfs/clust92_iheringii_0.8_nosingletons.vcf, analysis/data/vcfs/clust92_perditus_0.5_nosingletons.vcf, analysis/data/vcfs/clust92_perditus_0.6_nosingletons.vcf, analysis/data/vcfs/clust92_perditus_0.7_nosingletons.vcf, analysis/data/vcfs/clust92_perditus_0.8_nosingletons.vcf, analysis/data/vcfs/clust92_pictus_0.5_nosingletons.vcf, analysis/data/vcfs/clust92_pictus_0.6_nosingletons.vcf, analysis/data/vcfs/clust92_pictus_0.7_nosingletons.vcf, analysis/data/vcfs/clust92_pictus_0.8_nosingletons.vcf
    shell:
        mv assembly/full/clust92_outfiles/clust92_catenatus_0.5_nosingletons.vcf assembly/full/clust92_outfiles/clust92_catenatus_0.6_nosingletons.vcf assembly/full/clust92_outfiles/clust92_catenatus_0.7_nosingletons.vcf assembly/full/clust92_outfiles/clust92_catenatus_0.8_nosingletons.vcf assembly/full/clust92_outfiles/clust92_iheringii_0.5_nosingletons.vcf assembly/full/clust92_outfiles/clust92_iheringii_0.6_nosingletons.vcf assembly/full/clust92_outfiles/clust92_iheringii_0.7_nosingletons.vcf assembly/full/clust92_outfiles/clust92_iheringii_0.8_nosingletons.vcf assembly/full/clust92_outfiles/clust92_perditus_0.5_nosingletons.vcf assembly/full/clust92_outfiles/clust92_perditus_0.6_nosingletons.vcf assembly/full/clust92_outfiles/clust92_perditus_0.7_nosingletons.vcf assembly/full/clust92_outfiles/clust92_perditus_0.8_nosingletons.vcf assembly/full/clust92_outfiles/clust92_pictus_0.5_nosingletons.vcf assembly/full/clust92_outfiles/clust92_pictus_0.6_nosingletons.vcf assembly/full/clust92_outfiles/clust92_pictus_0.7_nosingletons.vcf assembly/full/clust92_outfiles/clust92_pictus_0.8_nosingletons.vcf analysis/data/vcfs/clust92_catenatus_0.5_nosingletons.vcf analysis/data/vcfs/clust92_catenatus_0.6_nosingletons.vcf analysis/data/vcfs/clust92_catenatus_0.7_nosingletons.vcf analysis/data/vcfs/clust92_catenatus_0.8_nosingletons.vcf analysis/data/vcfs/clust92_iheringii_0.5_nosingletons.vcf analysis/data/vcfs/clust92_iheringii_0.6_nosingletons.vcf analysis/data/vcfs/clust92_iheringii_0.7_nosingletons.vcf analysis/data/vcfs/clust92_iheringii_0.8_nosingletons.vcf analysis/data/vcfs/clust92_perditus_0.5_nosingletons.vcf analysis/data/vcfs/clust92_perditus_0.6_nosingletons.vcf analysis/data/vcfs/clust92_perditus_0.7_nosingletons.vcf analysis/data/vcfs/clust92_perditus_0.8_nosingletons.vcf analysis/data/vcfs/clust92_pictus_0.5_nosingletons.vcf analysis/data/vcfs/clust92_pictus_0.6_nosingletons.vcf analysis/data/vcfs/clust92_pictus_0.7_nosingletons.vcf analysis/data/vcfs/clust92_pictus_0.8_nosingletons.vcf
        (one of the commands exited with non-zero exit code; note that snakemake uses bash strict mode!)

Shutting down, this might take some time.
Exiting because a job execution failed. Look above for error message
Complete log: .snakemake/log/2023-05-11T140842.575221.snakemake.log
